<?xml version="1.0" encoding="UTF-8"?>
<!-- Generated by org.testng.reporters.JUnitReportReporter -->
<testsuite skipped="0" hostname="Paresis-MacBook-Air-2.local" name="testCase.sysE2E.FindaStudio_feature" tests="1" failures="0" timestamp="28 Apr 2020 14:29:55 GMT" time="33.282" errors="0">
  <testcase name="findWorkShopFeatureTest" time="33.282" classname="testCase.sysE2E.FindaStudio_feature"/>
</testsuite> <!-- testCase.sysE2E.FindaStudio_feature -->
